<?xml version="1.0" encoding="UTF-8"?>
<testng-results ignored="3" total="5" passed="2" failed="0" skipped="0">
  <reporter-output>
  </reporter-output>
  <suite started-at="2021-02-09T19:57:28 IST" name="Suite" finished-at="2021-02-09T19:57:34 IST" duration-ms="6045">
    <groups>
      <group name="smoketest">
        <method signature="loginTest.loginTest3()[pri:0, instance:loginTest@5c909414]" name="loginTest3" class="loginTest"/>
        <method signature="loginTest.loginTest4()[pri:0, instance:loginTest@5c909414]" name="loginTest4" class="loginTest"/>
      </group> <!-- smoketest -->
    </groups>
    <test started-at="2021-02-09T19:57:28 IST" name="loginTest" finished-at="2021-02-09T19:57:34 IST" duration-ms="6045">
      <class name="loginTest">
        <test-method signature="loginTest4()[pri:0, instance:loginTest@5c909414]" started-at="2021-02-09T19:57:28 IST" name="loginTest4" finished-at="2021-02-09T19:57:28 IST" duration-ms="12" status="PASS">
          <reporter-output>
          </reporter-output>
        </test-method> <!-- loginTest4 -->
        <test-method signature="loginTest3()[pri:0, instance:loginTest@5c909414]" started-at="2021-02-09T19:57:28 IST" name="loginTest3" finished-at="2021-02-09T19:57:34 IST" duration-ms="5983" status="PASS">
          <reporter-output>
          </reporter-output>
        </test-method> <!-- loginTest3 -->
        <test-method is-config="true" signature="afterTest()[pri:0, instance:loginTest@5c909414]" started-at="2021-02-09T19:57:34 IST" name="afterTest" finished-at="2021-02-09T19:57:34 IST" duration-ms="3" status="PASS">
          <reporter-output>
          </reporter-output>
        </test-method> <!-- afterTest -->
      </class> <!-- loginTest -->
    </test> <!-- loginTest -->
  </suite> <!-- Suite -->
</testng-results>
