<?xml version="1.0" encoding="UTF-8"?>
<!-- Generated by org.testng.reporters.JUnitXMLReporter -->
<testsuite ignored="3" hostname="ANKUMBAR-68LEG" failures="0" tests="2" name="loginTest" time="6.045" errors="0" timestamp="2021-02-09T19:57:34 IST">
  <testcase classname="loginTest" name="loginTest4" time="0.012"/>
  <testcase classname="loginTest" name="loginTest3" time="5.983"/>
  <testcase classname="loginTest" name="loginTest" time="0.0">
    <ignored/>
  </testcase> <!-- loginTest -->
  <testcase classname="loginTest" name="Paramenter" time="0.0">
    <ignored/>
  </testcase> <!-- Paramenter -->
  <testcase classname="loginTest" name="loginTest2" time="0.0">
    <ignored/>
  </testcase> <!-- loginTest2 -->
</testsuite> <!-- loginTest -->
