<?xml version="1.0" encoding="UTF-8"?>
<!-- Generated by org.testng.reporters.JUnitXMLReporter -->
<testsuite ignored="3" hostname="ANKUMBAR-68LEG" failures="0" tests="1" name="Default test" time="12.717" errors="0" timestamp="2021-02-09T14:10:44 IST">
  <testcase classname="loginTest" name="loginTest3" time="4.228"/>
  <testcase classname="loginTest" name="loginTest" time="0.0">
    <ignored/>
  </testcase> <!-- loginTest -->
  <testcase classname="loginTest" name="Paramenter" time="0.0">
    <ignored/>
  </testcase> <!-- Paramenter -->
  <testcase classname="loginTest" name="loginTest2" time="0.0">
    <ignored/>
  </testcase> <!-- loginTest2 -->
</testsuite> <!-- Default test -->
